<?xml version="1.0" encoding="utf-8" standalone="no"?>
<test-run id="2" testcasecount="3" result="Passed" total="3" passed="3" failed="0" inconclusive="0" skipped="0" asserts="0" engine-version="3.0.5813.39036" clr-version="4.0.30319.34209" start-time="2016-01-05 06:44:52Z" end-time="2016-01-05 06:44:58Z" duration="6.108671">
  <command-line><![CDATA["C:\Projects\HSMVC\hsmvc\packages\NUnit.Console.3.0.1\tools\nunit3-console.exe"  C:\Projects\HSMVC\hsmvc\HSMVC.Tests\bin\Debug\HSMVC.Tests.dll]]></command-line>
  <test-suite type="Assembly" id="0-1004" name="HSMVC.Tests.dll" fullname="C:\Projects\HSMVC\hsmvc\HSMVC.Tests\bin\Debug\HSMVC.Tests.dll" runstate="Runnable" testcasecount="3" result="Passed" start-time="2016-01-05 06:44:52Z" end-time="2016-01-05 06:44:58Z" duration="6.041194" total="3" passed="3" failed="0" inconclusive="0" skipped="0" asserts="0">
    <environment framework-version="3.0.5813.39031" clr-version="4.0.30319.34209" os-version="Microsoft Windows NT 6.1.7601 Service Pack 1" platform="Win32NT" cwd="C:\Projects\HSMVC" machine-name="3770K" user="rc6886" user-domain="3770k" culture="en-US" uiculture="en-US" os-architecture="x64" />
    <settings>
      <setting name="WorkDirectory" value="C:\Projects\HSMVC" />
      <setting name="NumberOfTestWorkers" value="8" />
    </settings>
    <properties>
      <property name="_PID" value="10248" />
      <property name="_APPDOMAIN" value="test-domain-" />
    </properties>
    <test-suite type="TestSuite" id="0-1005" name="HSMVC" fullname="HSMVC" runstate="Runnable" testcasecount="3" result="Passed" start-time="2016-01-05 06:44:52Z" end-time="2016-01-05 06:44:58Z" duration="6.027426" total="3" passed="3" failed="0" inconclusive="0" skipped="0" asserts="0">
      <test-suite type="TestSuite" id="0-1006" name="Tests" fullname="HSMVC.Tests" runstate="Runnable" testcasecount="3" result="Passed" start-time="2016-01-05 06:44:52Z" end-time="2016-01-05 06:44:58Z" duration="6.027268" total="3" passed="3" failed="0" inconclusive="0" skipped="0" asserts="0">
        <test-suite type="TestSuite" id="0-1007" name="Conference" fullname="HSMVC.Tests.Conference" runstate="Runnable" testcasecount="3" result="Passed" start-time="2016-01-05 06:44:52Z" end-time="2016-01-05 06:44:58Z" duration="6.027242" total="3" passed="3" failed="0" inconclusive="0" skipped="0" asserts="0">
          <test-suite type="TestFixture" id="0-1000" name="ConferenceTests" fullname="HSMVC.Tests.Conference.ConferenceTests" classname="HSMVC.Tests.Conference.ConferenceTests" runstate="Runnable" testcasecount="3" result="Passed" start-time="2016-01-05 06:44:52Z" end-time="2016-01-05 06:44:58Z" duration="6.023899" total="3" passed="3" failed="0" inconclusive="0" skipped="0" asserts="0">
            <test-case id="0-1003" name="ShouldAddConference" fullname="HSMVC.Tests.Conference.ConferenceTests.ShouldAddConference" methodname="ShouldAddConference" classname="HSMVC.Tests.Conference.ConferenceTests" runstate="Runnable" seed="993609143" result="Passed" start-time="2016-01-05 06:44:52Z" end-time="2016-01-05 06:44:58Z" duration="5.905131" asserts="0" />
            <test-case id="0-1002" name="ShouldEditConference" fullname="HSMVC.Tests.Conference.ConferenceTests.ShouldEditConference" methodname="ShouldEditConference" classname="HSMVC.Tests.Conference.ConferenceTests" runstate="Runnable" seed="1630670862" result="Passed" start-time="2016-01-05 06:44:58Z" end-time="2016-01-05 06:44:58Z" duration="0.081355" asserts="0" />
            <test-case id="0-1001" name="ShouldGetAllConferences" fullname="HSMVC.Tests.Conference.ConferenceTests.ShouldGetAllConferences" methodname="ShouldGetAllConferences" classname="HSMVC.Tests.Conference.ConferenceTests" runstate="Runnable" seed="798259755" result="Passed" start-time="2016-01-05 06:44:58Z" end-time="2016-01-05 06:44:58Z" duration="0.023595" asserts="0" />
          </test-suite>
        </test-suite>
      </test-suite>
    </test-suite>
  </test-suite>
</test-run>