<?xml version="1.0" encoding="utf-8" standalone="no"?>
<test-run id="2" testcasecount="1" result="Passed" total="1" passed="1" failed="0" inconclusive="0" skipped="0" asserts="0" engine-version="3.0.5813.39036" clr-version="4.0.30319.34209" start-time="2016-01-05 01:11:32Z" end-time="2016-01-05 01:11:41Z" duration="9.332519">
  <command-line><![CDATA["C:\Projects\HSMVC\hsmvc\packages\NUnit.Console.3.0.1\tools\nunit3-console.exe"  C:\Projects\HSMVC\hsmvc\HSMVC.Tests\bin\Debug\HSMVC.Tests.dll]]></command-line>
  <test-suite type="Assembly" id="0-1002" name="HSMVC.Tests.dll" fullname="C:\Projects\HSMVC\hsmvc\HSMVC.Tests\bin\Debug\HSMVC.Tests.dll" runstate="Runnable" testcasecount="1" result="Passed" start-time="2016-01-05 01:11:32Z" end-time="2016-01-05 01:11:41Z" duration="9.211036" total="1" passed="1" failed="0" inconclusive="0" skipped="0" asserts="0">
    <environment framework-version="3.0.5813.39031" clr-version="4.0.30319.34209" os-version="Microsoft Windows NT 6.1.7601 Service Pack 1" platform="Win32NT" cwd="C:\Projects\HSMVC" machine-name="3770K" user="rc6886" user-domain="3770k" culture="en-US" uiculture="en-US" os-architecture="x64" />
    <settings>
      <setting name="WorkDirectory" value="C:\Projects\HSMVC" />
      <setting name="NumberOfTestWorkers" value="8" />
    </settings>
    <properties>
      <property name="_PID" value="20660" />
      <property name="_APPDOMAIN" value="test-domain-" />
    </properties>
    <test-suite type="TestSuite" id="0-1003" name="HSMVC" fullname="HSMVC" runstate="Runnable" testcasecount="1" result="Passed" start-time="2016-01-05 01:11:32Z" end-time="2016-01-05 01:11:41Z" duration="9.188988" total="1" passed="1" failed="0" inconclusive="0" skipped="0" asserts="0">
      <test-suite type="TestSuite" id="0-1004" name="Tests" fullname="HSMVC.Tests" runstate="Runnable" testcasecount="1" result="Passed" start-time="2016-01-05 01:11:32Z" end-time="2016-01-05 01:11:41Z" duration="9.188751" total="1" passed="1" failed="0" inconclusive="0" skipped="0" asserts="0">
        <test-suite type="TestSuite" id="0-1005" name="Conference" fullname="HSMVC.Tests.Conference" runstate="Runnable" testcasecount="1" result="Passed" start-time="2016-01-05 01:11:32Z" end-time="2016-01-05 01:11:41Z" duration="9.188718" total="1" passed="1" failed="0" inconclusive="0" skipped="0" asserts="0">
          <test-suite type="TestFixture" id="0-1000" name="ConferenceTests" fullname="HSMVC.Tests.Conference.ConferenceTests" classname="HSMVC.Tests.Conference.ConferenceTests" runstate="Runnable" testcasecount="1" result="Passed" start-time="2016-01-05 01:11:32Z" end-time="2016-01-05 01:11:41Z" duration="9.183951" total="1" passed="1" failed="0" inconclusive="0" skipped="0" asserts="0">
            <test-case id="0-1001" name="ShouldGetAllConferences" fullname="HSMVC.Tests.Conference.ConferenceTests.ShouldGetAllConferences" methodname="ShouldGetAllConferences" classname="HSMVC.Tests.Conference.ConferenceTests" runstate="Runnable" seed="798259755" result="Passed" start-time="2016-01-05 01:11:32Z" end-time="2016-01-05 01:11:41Z" duration="9.163855" asserts="0" />
          </test-suite>
        </test-suite>
      </test-suite>
    </test-suite>
  </test-suite>
</test-run>